{"uuid":"60d4f087-0dd8-469b-b8ef-24d8ccd4f845","historyId":"63e8349e52e460bc888e3ca38381c439","testCaseId":"3b674c6dbfd9633094946da02e471e74","fullName":"src/test/resources/features/orders.feature:20","labels":[{"name":"tag","value":"Orders"},{"name":"host","value":"DESKTOP-2GL3S1F"},{"name":"thread","value":"15552@DESKTOP-2GL3S1F.main(1)"},{"name":"feature","value":"Login on OWASP juice-shop and add products to basket and do purchase"},{"name":"story","value":"Login with user correct and add 2 products random to basket and do purchase"},{"name":"suite","value":"Login on OWASP juice-shop and add products to basket and do purchase"},{"name":"testClass","value":"Login with user correct and add 2 products random to basket and do purchase"},{"name":"framework","value":"cucumber4jvm"},{"name":"language","value":"java"},{"name":"gherkin_uri","value":"file:///D:/Curso%20QA%20SOFTWARE%20AUTOMATION%20TESTER/SELENIUM%20AND%20CUCUMBER%20BDD/ProjectOWASPJuice/src/test/resources/features/orders.feature"},{"name":"package","value":"src.test.resources.features.orders_feature.Login on OWASP juice-shop and add products to basket and do purchase"}],"links":[],"name":"Login with user correct and add 2 products random to basket and do purchase","status":"broken","statusDetails":{"known":false,"muted":false,"flaky":false,"message":"Unable to locate element: (//span[@class='mat-radio-container'])[2]\nFor documentation on this error, please visit: https://www.selenium.dev/documentation/webdriver/troubleshooting/errors#no-such-element-exception\nBuild info: version: '4.18.1', revision: 'b1d3319b48'\nSystem info: os.name: 'Windows 10', os.arch: 'amd64', os.version: '10.0', java.version: '21.0.2'\nDriver info: org.openqa.selenium.firefox.FirefoxDriver\nCommand: [50aa62c1-53f0-4793-8579-872568edabea, findElement {value=(//span[@class='mat-radio-container'])[2], using=xpath}]\nCapabilities {acceptInsecureCerts: true, browserName: firefox, browserVersion: 127.0.2, moz:accessibilityChecks: false, moz:buildID: 20240624183754, moz:debuggerAddress: 127.0.0.1:21747, moz:geckodriverVersion: 0.34.0, moz:headless: false, moz:platformVersion: 10.0, moz:processID: 9600, moz:profile: C:\\Users\\JAIMET~1\\AppData\\L..., moz:shutdownTimeout: 60000, moz:webdriverClick: true, moz:windowless: false, pageLoadStrategy: normal, platformName: windows, proxy: Proxy(), se:cdp: ws://127.0.0.1:21747/devtoo..., se:cdpVersion: 85.0, setWindowRect: true, strictFileInteractability: false, timeouts: {implicit: 0, pageLoad: 300000, script: 30000}, unhandledPromptBehavior: dismiss and notify, userAgent: Mozilla/5.0 (Windows NT 10....}\nSession ID: 50aa62c1-53f0-4793-8579-872568edabea","trace":"org.openqa.selenium.NoSuchElementException: Unable to locate element: (//span[@class='mat-radio-container'])[2]\nFor documentation on this error, please visit: https://www.selenium.dev/documentation/webdriver/troubleshooting/errors#no-such-element-exception\nBuild info: version: '4.18.1', revision: 'b1d3319b48'\nSystem info: os.name: 'Windows 10', os.arch: 'amd64', os.version: '10.0', java.version: '21.0.2'\nDriver info: org.openqa.selenium.firefox.FirefoxDriver\nCommand: [50aa62c1-53f0-4793-8579-872568edabea, findElement {value=(//span[@class='mat-radio-container'])[2], using=xpath}]\nCapabilities {acceptInsecureCerts: true, browserName: firefox, browserVersion: 127.0.2, moz:accessibilityChecks: false, moz:buildID: 20240624183754, moz:debuggerAddress: 127.0.0.1:21747, moz:geckodriverVersion: 0.34.0, moz:headless: false, moz:platformVersion: 10.0, moz:processID: 9600, moz:profile: C:\\Users\\JAIMET~1\\AppData\\L..., moz:shutdownTimeout: 60000, moz:webdriverClick: true, moz:windowless: false, pageLoadStrategy: normal, platformName: windows, proxy: Proxy(), se:cdp: ws://127.0.0.1:21747/devtoo..., se:cdpVersion: 85.0, setWindowRect: true, strictFileInteractability: false, timeouts: {implicit: 0, pageLoad: 300000, script: 30000}, unhandledPromptBehavior: dismiss and notify, userAgent: Mozilla/5.0 (Windows NT 10....}\nSession ID: 50aa62c1-53f0-4793-8579-872568edabea\r\n\tat java.base/jdk.internal.reflect.DirectConstructorHandleAccessor.newInstance(DirectConstructorHandleAccessor.java:62)\r\n\tat java.base/java.lang.reflect.Constructor.newInstanceWithCaller(Constructor.java:502)\r\n\tat java.base/java.lang.reflect.Constructor.newInstance(Constructor.java:486)\r\n\tat org.openqa.selenium.remote.ErrorCodec.decode(ErrorCodec.java:167)\r\n\tat org.openqa.selenium.remote.codec.w3c.W3CHttpResponseCodec.decode(W3CHttpResponseCodec.java:138)\r\n\tat org.openqa.selenium.remote.codec.w3c.W3CHttpResponseCodec.decode(W3CHttpResponseCodec.java:50)\r\n\tat org.openqa.selenium.remote.HttpCommandExecutor.execute(HttpCommandExecutor.java:190)\r\n\tat org.openqa.selenium.remote.service.DriverCommandExecutor.invokeExecute(DriverCommandExecutor.java:216)\r\n\tat org.openqa.selenium.remote.service.DriverCommandExecutor.execute(DriverCommandExecutor.java:174)\r\n\tat org.openqa.selenium.remote.RemoteWebDriver.execute(RemoteWebDriver.java:519)\r\n\tat org.openqa.selenium.remote.ElementLocation$ElementFinder$2.findElement(ElementLocation.java:165)\r\n\tat org.openqa.selenium.remote.ElementLocation.findElement(ElementLocation.java:59)\r\n\tat org.openqa.selenium.remote.RemoteWebDriver.findElement(RemoteWebDriver.java:356)\r\n\tat org.openqa.selenium.remote.RemoteWebDriver.findElement(RemoteWebDriver.java:350)\r\n\tat org.openqa.selenium.support.pagefactory.DefaultElementLocator.findElement(DefaultElementLocator.java:68)\r\n\tat org.openqa.selenium.support.pagefactory.internal.LocatingElementHandler.invoke(LocatingElementHandler.java:38)\r\n\tat jdk.proxy2/jdk.proxy2.$Proxy41.click(Unknown Source)\r\n\tat com.juice.factory.OrdersFactory.doProductsCheckout(OrdersFactory.java:68)\r\n\tat com.juice.steps.OrdersSteps.select_second_address_and_first_payment_methods(OrdersSteps.java:40)\r\n\tat ✽.select second address and first payment methods(file:///D:/Curso%20QA%20SOFTWARE%20AUTOMATION%20TESTER/SELENIUM%20AND%20CUCUMBER%20BDD/ProjectOWASPJuice/src/test/resources/features/orders.feature:22)\r\n"},"stage":"finished","description":"  as user on page juice-shop\n  I want to log into my account\n  for add products to basket and do purchase","steps":[{"name":"Given The user is on the login page \"https://juice-shop.herokuapp.com/#/login\"","status":"passed","statusDetails":{"known":false,"muted":false,"flaky":false},"stage":"finished","steps":[],"attachments":[],"parameters":[],"start":1722210973007,"stop":1722210976757},{"name":"When user log in with credentials","status":"passed","statusDetails":{"known":false,"muted":false,"flaky":false},"stage":"finished","steps":[],"attachments":[{"name":"Data table","source":"6dd81454-cb35-4ed8-9721-978416c6bca3-attachment.csv","type":"text/tab-separated-values"}],"parameters":[],"start":1722210976759,"stop":1722210977766},{"name":"Then user add two products to basket","status":"passed","statusDetails":{"known":false,"muted":false,"flaky":false},"stage":"finished","steps":[],"attachments":[],"parameters":[],"start":1722210977767,"stop":1722210977770},{"name":"When select second address and first payment methods","status":"broken","statusDetails":{"known":false,"muted":false,"flaky":false,"message":"Unable to locate element: (//span[@class='mat-radio-container'])[2]\nFor documentation on this error, please visit: https://www.selenium.dev/documentation/webdriver/troubleshooting/errors#no-such-element-exception\nBuild info: version: '4.18.1', revision: 'b1d3319b48'\nSystem info: os.name: 'Windows 10', os.arch: 'amd64', os.version: '10.0', java.version: '21.0.2'\nDriver info: org.openqa.selenium.firefox.FirefoxDriver\nCommand: [50aa62c1-53f0-4793-8579-872568edabea, findElement {value=(//span[@class='mat-radio-container'])[2], using=xpath}]\nCapabilities {acceptInsecureCerts: true, browserName: firefox, browserVersion: 127.0.2, moz:accessibilityChecks: false, moz:buildID: 20240624183754, moz:debuggerAddress: 127.0.0.1:21747, moz:geckodriverVersion: 0.34.0, moz:headless: false, moz:platformVersion: 10.0, moz:processID: 9600, moz:profile: C:\\Users\\JAIMET~1\\AppData\\L..., moz:shutdownTimeout: 60000, moz:webdriverClick: true, moz:windowless: false, pageLoadStrategy: normal, platformName: windows, proxy: Proxy(), se:cdp: ws://127.0.0.1:21747/devtoo..., se:cdpVersion: 85.0, setWindowRect: true, strictFileInteractability: false, timeouts: {implicit: 0, pageLoad: 300000, script: 30000}, unhandledPromptBehavior: dismiss and notify, userAgent: Mozilla/5.0 (Windows NT 10....}\nSession ID: 50aa62c1-53f0-4793-8579-872568edabea","trace":"org.openqa.selenium.NoSuchElementException: Unable to locate element: (//span[@class='mat-radio-container'])[2]\nFor documentation on this error, please visit: https://www.selenium.dev/documentation/webdriver/troubleshooting/errors#no-such-element-exception\nBuild info: version: '4.18.1', revision: 'b1d3319b48'\nSystem info: os.name: 'Windows 10', os.arch: 'amd64', os.version: '10.0', java.version: '21.0.2'\nDriver info: org.openqa.selenium.firefox.FirefoxDriver\nCommand: [50aa62c1-53f0-4793-8579-872568edabea, findElement {value=(//span[@class='mat-radio-container'])[2], using=xpath}]\nCapabilities {acceptInsecureCerts: true, browserName: firefox, browserVersion: 127.0.2, moz:accessibilityChecks: false, moz:buildID: 20240624183754, moz:debuggerAddress: 127.0.0.1:21747, moz:geckodriverVersion: 0.34.0, moz:headless: false, moz:platformVersion: 10.0, moz:processID: 9600, moz:profile: C:\\Users\\JAIMET~1\\AppData\\L..., moz:shutdownTimeout: 60000, moz:webdriverClick: true, moz:windowless: false, pageLoadStrategy: normal, platformName: windows, proxy: Proxy(), se:cdp: ws://127.0.0.1:21747/devtoo..., se:cdpVersion: 85.0, setWindowRect: true, strictFileInteractability: false, timeouts: {implicit: 0, pageLoad: 300000, script: 30000}, unhandledPromptBehavior: dismiss and notify, userAgent: Mozilla/5.0 (Windows NT 10....}\nSession ID: 50aa62c1-53f0-4793-8579-872568edabea\r\n\tat java.base/jdk.internal.reflect.DirectConstructorHandleAccessor.newInstance(DirectConstructorHandleAccessor.java:62)\r\n\tat java.base/java.lang.reflect.Constructor.newInstanceWithCaller(Constructor.java:502)\r\n\tat java.base/java.lang.reflect.Constructor.newInstance(Constructor.java:486)\r\n\tat org.openqa.selenium.remote.ErrorCodec.decode(ErrorCodec.java:167)\r\n\tat org.openqa.selenium.remote.codec.w3c.W3CHttpResponseCodec.decode(W3CHttpResponseCodec.java:138)\r\n\tat org.openqa.selenium.remote.codec.w3c.W3CHttpResponseCodec.decode(W3CHttpResponseCodec.java:50)\r\n\tat org.openqa.selenium.remote.HttpCommandExecutor.execute(HttpCommandExecutor.java:190)\r\n\tat org.openqa.selenium.remote.service.DriverCommandExecutor.invokeExecute(DriverCommandExecutor.java:216)\r\n\tat org.openqa.selenium.remote.service.DriverCommandExecutor.execute(DriverCommandExecutor.java:174)\r\n\tat org.openqa.selenium.remote.RemoteWebDriver.execute(RemoteWebDriver.java:519)\r\n\tat org.openqa.selenium.remote.ElementLocation$ElementFinder$2.findElement(ElementLocation.java:165)\r\n\tat org.openqa.selenium.remote.ElementLocation.findElement(ElementLocation.java:59)\r\n\tat org.openqa.selenium.remote.RemoteWebDriver.findElement(RemoteWebDriver.java:356)\r\n\tat org.openqa.selenium.remote.RemoteWebDriver.findElement(RemoteWebDriver.java:350)\r\n\tat org.openqa.selenium.support.pagefactory.DefaultElementLocator.findElement(DefaultElementLocator.java:68)\r\n\tat org.openqa.selenium.support.pagefactory.internal.LocatingElementHandler.invoke(LocatingElementHandler.java:38)\r\n\tat jdk.proxy2/jdk.proxy2.$Proxy41.click(Unknown Source)\r\n\tat com.juice.factory.OrdersFactory.doProductsCheckout(OrdersFactory.java:68)\r\n\tat com.juice.steps.OrdersSteps.select_second_address_and_first_payment_methods(OrdersSteps.java:40)\r\n\tat ✽.select second address and first payment methods(file:///D:/Curso%20QA%20SOFTWARE%20AUTOMATION%20TESTER/SELENIUM%20AND%20CUCUMBER%20BDD/ProjectOWASPJuice/src/test/resources/features/orders.feature:22)\r\n"},"stage":"finished","steps":[],"attachments":[],"parameters":[],"start":1722210977772,"stop":1722210993277},{"name":"And do purchase","status":"skipped","statusDetails":{"known":false,"muted":false,"flaky":false},"stage":"finished","steps":[],"attachments":[],"parameters":[],"start":1722210993279,"stop":1722210993280}],"attachments":[],"parameters":[],"start":1722210969054,"stop":1722210993531}