{"uuid":"b1314064-75d5-4fa4-a605-200d19999578","historyId":"fd35cfabc6d613a143ff3d4e414c297b","testCaseId":"35679ba14d1cd280919a0c14bbe591a6","fullName":"src/test/resources/features/orders.feature:13","labels":[{"name":"tag","value":"Orders"},{"name":"host","value":"DESKTOP-2GL3S1F"},{"name":"thread","value":"16580@DESKTOP-2GL3S1F.main(1)"},{"name":"feature","value":"Login on OWASP juice-shop and add products to basket and do purchase"},{"name":"story","value":"Login with user correct and add 3 products (Apple, Banana, T-shirt) to basket and do purchase"},{"name":"suite","value":"Login on OWASP juice-shop and add products to basket and do purchase"},{"name":"testClass","value":"Login with user correct and add 3 products (Apple, Banana, T-shirt) to basket and do purchase"},{"name":"framework","value":"cucumber4jvm"},{"name":"language","value":"java"},{"name":"gherkin_uri","value":"file:///D:/Curso%20QA%20SOFTWARE%20AUTOMATION%20TESTER/SELENIUM%20AND%20CUCUMBER%20BDD/ProjectOWASPJuice/src/test/resources/features/orders.feature"},{"name":"package","value":"src.test.resources.features.orders_feature.Login on OWASP juice-shop and add products to basket and do purchase"}],"links":[],"name":"Login with user correct and add 3 products (Apple, Banana, T-shirt) to basket and do purchase","status":"broken","statusDetails":{"known":false,"muted":false,"flaky":false,"message":"Unable to locate element: //span[contains(text(),'Add to Basket')]\nFor documentation on this error, please visit: https://www.selenium.dev/documentation/webdriver/troubleshooting/errors#no-such-element-exception\nBuild info: version: '4.19.1', revision: 'abe0ee07dc'\nSystem info: os.name: 'Windows 10', os.arch: 'amd64', os.version: '10.0', java.version: '21.0.2'\nDriver info: org.openqa.selenium.firefox.FirefoxDriver\nCommand: [0941a007-c999-4545-9606-613036744771, findElement {using=xpath, value=//span[contains(text(),'Add to Basket')]}]\nCapabilities {acceptInsecureCerts: true, browserName: firefox, browserVersion: 128.0.3, moz:accessibilityChecks: false, moz:buildID: 20240725162350, moz:debuggerAddress: 127.0.0.1:47786, moz:geckodriverVersion: 0.34.0, moz:headless: false, moz:platformVersion: 10.0, moz:processID: 8680, moz:profile: C:\\Users\\JAIMET~1\\AppData\\L..., moz:shutdownTimeout: 60000, moz:webdriverClick: true, moz:windowless: false, pageLoadStrategy: normal, platformName: windows, proxy: Proxy(), se:cdp: ws://127.0.0.1:47786/devtoo..., se:cdpVersion: 85.0, setWindowRect: true, strictFileInteractability: false, timeouts: {implicit: 0, pageLoad: 300000, script: 30000}, unhandledPromptBehavior: dismiss and notify, userAgent: Mozilla/5.0 (Windows NT 10....}\nSession ID: 0941a007-c999-4545-9606-613036744771","trace":"org.openqa.selenium.NoSuchElementException: Unable to locate element: //span[contains(text(),'Add to Basket')]\nFor documentation on this error, please visit: https://www.selenium.dev/documentation/webdriver/troubleshooting/errors#no-such-element-exception\nBuild info: version: '4.19.1', revision: 'abe0ee07dc'\nSystem info: os.name: 'Windows 10', os.arch: 'amd64', os.version: '10.0', java.version: '21.0.2'\nDriver info: org.openqa.selenium.firefox.FirefoxDriver\nCommand: [0941a007-c999-4545-9606-613036744771, findElement {using=xpath, value=//span[contains(text(),'Add to Basket')]}]\nCapabilities {acceptInsecureCerts: true, browserName: firefox, browserVersion: 128.0.3, moz:accessibilityChecks: false, moz:buildID: 20240725162350, moz:debuggerAddress: 127.0.0.1:47786, moz:geckodriverVersion: 0.34.0, moz:headless: false, moz:platformVersion: 10.0, moz:processID: 8680, moz:profile: C:\\Users\\JAIMET~1\\AppData\\L..., moz:shutdownTimeout: 60000, moz:webdriverClick: true, moz:windowless: false, pageLoadStrategy: normal, platformName: windows, proxy: Proxy(), se:cdp: ws://127.0.0.1:47786/devtoo..., se:cdpVersion: 85.0, setWindowRect: true, strictFileInteractability: false, timeouts: {implicit: 0, pageLoad: 300000, script: 30000}, unhandledPromptBehavior: dismiss and notify, userAgent: Mozilla/5.0 (Windows NT 10....}\nSession ID: 0941a007-c999-4545-9606-613036744771\r\n\tat java.base/jdk.internal.reflect.DirectConstructorHandleAccessor.newInstance(DirectConstructorHandleAccessor.java:62)\r\n\tat java.base/java.lang.reflect.Constructor.newInstanceWithCaller(Constructor.java:502)\r\n\tat java.base/java.lang.reflect.Constructor.newInstance(Constructor.java:486)\r\n\tat org.openqa.selenium.remote.ErrorCodec.decode(ErrorCodec.java:167)\r\n\tat org.openqa.selenium.remote.codec.w3c.W3CHttpResponseCodec.decode(W3CHttpResponseCodec.java:138)\r\n\tat org.openqa.selenium.remote.codec.w3c.W3CHttpResponseCodec.decode(W3CHttpResponseCodec.java:50)\r\n\tat org.openqa.selenium.remote.HttpCommandExecutor.execute(HttpCommandExecutor.java:190)\r\n\tat org.openqa.selenium.remote.service.DriverCommandExecutor.invokeExecute(DriverCommandExecutor.java:216)\r\n\tat org.openqa.selenium.remote.service.DriverCommandExecutor.execute(DriverCommandExecutor.java:174)\r\n\tat org.openqa.selenium.remote.RemoteWebDriver.execute(RemoteWebDriver.java:518)\r\n\tat org.openqa.selenium.remote.ElementLocation$ElementFinder$2.findElement(ElementLocation.java:165)\r\n\tat org.openqa.selenium.remote.ElementLocation.findElement(ElementLocation.java:59)\r\n\tat org.openqa.selenium.remote.RemoteWebDriver.findElement(RemoteWebDriver.java:355)\r\n\tat org.openqa.selenium.remote.RemoteWebDriver.findElement(RemoteWebDriver.java:349)\r\n\tat org.openqa.selenium.support.pagefactory.DefaultElementLocator.findElement(DefaultElementLocator.java:68)\r\n\tat org.openqa.selenium.support.pagefactory.internal.LocatingElementHandler.invoke(LocatingElementHandler.java:38)\r\n\tat jdk.proxy2/jdk.proxy2.$Proxy49.click(Unknown Source)\r\n\tat com.juice.factory.OrdersFactory.add3ProductsToBasket(OrdersFactory.java:51)\r\n\tat com.juice.steps.OrdersSteps.user_add_products_apple_banana_t_shirt_to_basket(OrdersSteps.java:53)\r\n\tat ✽.user add 3 products (Apple, Banana, T-shirt) to basket(file:///D:/Curso%20QA%20SOFTWARE%20AUTOMATION%20TESTER/SELENIUM%20AND%20CUCUMBER%20BDD/ProjectOWASPJuice/src/test/resources/features/orders.feature:14)\r\n"},"stage":"finished","description":"  as user on page juice-shop\n  I want to log into my account\n  for add products to basket and do purchase","steps":[{"name":"Given The user is on the login page \"https://juice-shop.herokuapp.com/#/login\"","status":"passed","statusDetails":{"known":false,"muted":false,"flaky":false},"stage":"finished","steps":[],"attachments":[],"parameters":[],"start":1722737546577,"stop":1722737553972},{"name":"When user log in with credentials","status":"passed","statusDetails":{"known":false,"muted":false,"flaky":false},"stage":"finished","steps":[],"attachments":[{"name":"Data table","source":"9cea72fd-8500-4006-ac50-af1978846bd3-attachment.csv","type":"text/tab-separated-values"}],"parameters":[],"start":1722737553989,"stop":1722737554938},{"name":"Then user add 3 products (Apple, Banana, T-shirt) to basket","status":"broken","statusDetails":{"known":false,"muted":false,"flaky":false,"message":"Unable to locate element: //span[contains(text(),'Add to Basket')]\nFor documentation on this error, please visit: https://www.selenium.dev/documentation/webdriver/troubleshooting/errors#no-such-element-exception\nBuild info: version: '4.19.1', revision: 'abe0ee07dc'\nSystem info: os.name: 'Windows 10', os.arch: 'amd64', os.version: '10.0', java.version: '21.0.2'\nDriver info: org.openqa.selenium.firefox.FirefoxDriver\nCommand: [0941a007-c999-4545-9606-613036744771, findElement {using=xpath, value=//span[contains(text(),'Add to Basket')]}]\nCapabilities {acceptInsecureCerts: true, browserName: firefox, browserVersion: 128.0.3, moz:accessibilityChecks: false, moz:buildID: 20240725162350, moz:debuggerAddress: 127.0.0.1:47786, moz:geckodriverVersion: 0.34.0, moz:headless: false, moz:platformVersion: 10.0, moz:processID: 8680, moz:profile: C:\\Users\\JAIMET~1\\AppData\\L..., moz:shutdownTimeout: 60000, moz:webdriverClick: true, moz:windowless: false, pageLoadStrategy: normal, platformName: windows, proxy: Proxy(), se:cdp: ws://127.0.0.1:47786/devtoo..., se:cdpVersion: 85.0, setWindowRect: true, strictFileInteractability: false, timeouts: {implicit: 0, pageLoad: 300000, script: 30000}, unhandledPromptBehavior: dismiss and notify, userAgent: Mozilla/5.0 (Windows NT 10....}\nSession ID: 0941a007-c999-4545-9606-613036744771","trace":"org.openqa.selenium.NoSuchElementException: Unable to locate element: //span[contains(text(),'Add to Basket')]\nFor documentation on this error, please visit: https://www.selenium.dev/documentation/webdriver/troubleshooting/errors#no-such-element-exception\nBuild info: version: '4.19.1', revision: 'abe0ee07dc'\nSystem info: os.name: 'Windows 10', os.arch: 'amd64', os.version: '10.0', java.version: '21.0.2'\nDriver info: org.openqa.selenium.firefox.FirefoxDriver\nCommand: [0941a007-c999-4545-9606-613036744771, findElement {using=xpath, value=//span[contains(text(),'Add to Basket')]}]\nCapabilities {acceptInsecureCerts: true, browserName: firefox, browserVersion: 128.0.3, moz:accessibilityChecks: false, moz:buildID: 20240725162350, moz:debuggerAddress: 127.0.0.1:47786, moz:geckodriverVersion: 0.34.0, moz:headless: false, moz:platformVersion: 10.0, moz:processID: 8680, moz:profile: C:\\Users\\JAIMET~1\\AppData\\L..., moz:shutdownTimeout: 60000, moz:webdriverClick: true, moz:windowless: false, pageLoadStrategy: normal, platformName: windows, proxy: Proxy(), se:cdp: ws://127.0.0.1:47786/devtoo..., se:cdpVersion: 85.0, setWindowRect: true, strictFileInteractability: false, timeouts: {implicit: 0, pageLoad: 300000, script: 30000}, unhandledPromptBehavior: dismiss and notify, userAgent: Mozilla/5.0 (Windows NT 10....}\nSession ID: 0941a007-c999-4545-9606-613036744771\r\n\tat java.base/jdk.internal.reflect.DirectConstructorHandleAccessor.newInstance(DirectConstructorHandleAccessor.java:62)\r\n\tat java.base/java.lang.reflect.Constructor.newInstanceWithCaller(Constructor.java:502)\r\n\tat java.base/java.lang.reflect.Constructor.newInstance(Constructor.java:486)\r\n\tat org.openqa.selenium.remote.ErrorCodec.decode(ErrorCodec.java:167)\r\n\tat org.openqa.selenium.remote.codec.w3c.W3CHttpResponseCodec.decode(W3CHttpResponseCodec.java:138)\r\n\tat org.openqa.selenium.remote.codec.w3c.W3CHttpResponseCodec.decode(W3CHttpResponseCodec.java:50)\r\n\tat org.openqa.selenium.remote.HttpCommandExecutor.execute(HttpCommandExecutor.java:190)\r\n\tat org.openqa.selenium.remote.service.DriverCommandExecutor.invokeExecute(DriverCommandExecutor.java:216)\r\n\tat org.openqa.selenium.remote.service.DriverCommandExecutor.execute(DriverCommandExecutor.java:174)\r\n\tat org.openqa.selenium.remote.RemoteWebDriver.execute(RemoteWebDriver.java:518)\r\n\tat org.openqa.selenium.remote.ElementLocation$ElementFinder$2.findElement(ElementLocation.java:165)\r\n\tat org.openqa.selenium.remote.ElementLocation.findElement(ElementLocation.java:59)\r\n\tat org.openqa.selenium.remote.RemoteWebDriver.findElement(RemoteWebDriver.java:355)\r\n\tat org.openqa.selenium.remote.RemoteWebDriver.findElement(RemoteWebDriver.java:349)\r\n\tat org.openqa.selenium.support.pagefactory.DefaultElementLocator.findElement(DefaultElementLocator.java:68)\r\n\tat org.openqa.selenium.support.pagefactory.internal.LocatingElementHandler.invoke(LocatingElementHandler.java:38)\r\n\tat jdk.proxy2/jdk.proxy2.$Proxy49.click(Unknown Source)\r\n\tat com.juice.factory.OrdersFactory.add3ProductsToBasket(OrdersFactory.java:51)\r\n\tat com.juice.steps.OrdersSteps.user_add_products_apple_banana_t_shirt_to_basket(OrdersSteps.java:53)\r\n\tat ✽.user add 3 products (Apple, Banana, T-shirt) to basket(file:///D:/Curso%20QA%20SOFTWARE%20AUTOMATION%20TESTER/SELENIUM%20AND%20CUCUMBER%20BDD/ProjectOWASPJuice/src/test/resources/features/orders.feature:14)\r\n"},"stage":"finished","steps":[],"attachments":[{"name":"Data table","source":"98d4b304-1f3e-4423-9ff6-bb0980e31b19-attachment.csv","type":"text/tab-separated-values"}],"parameters":[],"start":1722737554941,"stop":1722737560638},{"name":"When select second address and first payment methods","status":"skipped","statusDetails":{"known":false,"muted":false,"flaky":false},"stage":"finished","steps":[],"attachments":[],"parameters":[],"start":1722737560642,"stop":1722737560643},{"name":"And do purchase","status":"skipped","statusDetails":{"known":false,"muted":false,"flaky":false},"stage":"finished","steps":[],"attachments":[],"parameters":[],"start":1722737560645,"stop":1722737560647}],"attachments":[],"parameters":[],"start":1722737529837,"stop":1722737560824}